<?xml version='1.0' encoding='UTF-8'?>
<testsuite hostname="Ottigan" name="StringsTest" tests="2" errors="0" failures="2" skipped="0" time="0.007" timestamp="2020-09-04T23:09:45">
                     <properties>
[...]
</properties>
                     <testcase classname="StringsTest" name="(It is not a test it is a sbt.testing.SuiteSelector)" time="0.007">
                                                 <failure message="received not-implemented != expected 1 new comment" type="minitest.api.AssertionException">minitest.api.AssertionException: received not-implemented != expected 1 new comment
	at minitest.api.Asserts.assertEquals(Asserts.scala:71)
	at minitest.api.Asserts.assertEquals$(Asserts.scala:65)
	at StringsTest$.assertEquals(StringsTest.scala:3)
	at StringsTest$.$anonfun$new$1(StringsTest.scala:5)
	at minitest.SimpleTestSuite.$anonfun$test$1(SimpleTestSuite.scala:27)
	at minitest.api.TestSpec$.$anonfun$sync$2(TestSpec.scala:51)
	at scala.concurrent.BlockContext$DefaultBlockContext$.blockOn(BlockContext.scala:62)
	at scala.concurrent.package$.blocking(package.scala:124)
	at minitest.api.TestSpec$.$anonfun$sync$1(TestSpec.scala:51)
	at minitest.api.TestSpec.apply(TestSpec.scala:27)
	at minitest.api.Properties.$anonfun$iterator$2(Properties.scala:38)
	at minitest.api.TestSpec.apply(TestSpec.scala:27)
	at minitest.runner.Task.loop$1(Task.scala:56)
	at minitest.runner.Task.$anonfun$execute$3(Task.scala:71)
	at scala.Option.fold(Option.scala:263)
	at minitest.runner.Task.execute(Task.scala:68)
	at minitest.runner.Task.execute(Task.scala:81)
	at sbt.TestRunner.runTest$1(TestFramework.scala:139)
	at sbt.TestRunner.run(TestFramework.scala:154)
	at sbt.TestFramework$$anon$3$$anonfun$$lessinit$greater$1.$anonfun$apply$1(TestFramework.scala:317)
	at sbt.TestFramework$.sbt$TestFramework$$withContextLoader(TestFramework.scala:277)
	at sbt.TestFramework$$anon$3$$anonfun$$lessinit$greater$1.apply(TestFramework.scala:317)
	at sbt.TestFramework$$anon$3$$anonfun$$lessinit$greater$1.apply(TestFramework.scala:317)
	at sbt.TestFunction.apply(TestFramework.scala:329)
	at sbt.Tests$.$anonfun$toTask$1(Tests.scala:311)
	at sbt.std.Transform$$anon$3.$anonfun$apply$2(Transform.scala:46)
	at sbt.std.Transform$$anon$4.work(Transform.scala:67)
	at sbt.Execute.$anonfun$submit$2(Execute.scala:281)
	at sbt.internal.util.ErrorHandling$.wideConvert(ErrorHandling.scala:19)
	at sbt.Execute.work(Execute.scala:290)
	at sbt.Execute.$anonfun$submit$1(Execute.scala:281)
	at sbt.ConcurrentRestrictions$$anon$4.$anonfun$submitValid$1(ConcurrentRestrictions.scala:178)
	at sbt.CompletionService$$anon$2.call(CompletionService.scala:37)
	at java.util.concurrent.FutureTask.run(FutureTask.java:266)
	at java.util.concurrent.Executors$RunnableAdapter.call(Executors.java:511)
	at java.util.concurrent.FutureTask.run(FutureTask.java:266)
	at java.util.concurrent.ThreadPoolExecutor.runWorker(ThreadPoolExecutor.java:1149)
	at java.util.concurrent.ThreadPoolExecutor$Worker.run(ThreadPoolExecutor.java:624)
	at java.lang.Thread.run(Thread.java:748)
</failure>
                                               </testcase><testcase classname="StringsTest" name="(It is not a test it is a sbt.testing.SuiteSelector)" time="0.0">
                                                 <failure message="received not-implemented != expected 2 new comments" type="minitest.api.AssertionException">minitest.api.AssertionException: received not-implemented != expected 2 new comments
	at minitest.api.Asserts.assertEquals(Asserts.scala:71)
	at minitest.api.Asserts.assertEquals$(Asserts.scala:65)
	at StringsTest$.assertEquals(StringsTest.scala:3)
	at StringsTest$.$anonfun$new$2(StringsTest.scala:8)
	at minitest.SimpleTestSuite.$anonfun$test$1(SimpleTestSuite.scala:27)
	at minitest.api.TestSpec$.$anonfun$sync$2(TestSpec.scala:51)
	at scala.concurrent.impl.ExecutionContextImpl$DefaultThreadFactory$$anon$1$$anon$2.block(ExecutionContextImpl.scala:59)
	at java.util.concurrent.ForkJoinPool.managedBlock(ForkJoinPool.java:3313)
	at scala.concurrent.impl.ExecutionContextImpl$DefaultThreadFactory$$anon$1.blockOn(ExecutionContextImpl.scala:70)
	at scala.concurrent.BatchingExecutor$AsyncBatch.blockOn(BatchingExecutor.scala:202)
	at scala.concurrent.package$.blocking(package.scala:124)
	at minitest.api.TestSpec$.$anonfun$sync$1(TestSpec.scala:51)
	at minitest.api.TestSpec.apply(TestSpec.scala:27)
	at minitest.api.Properties.$anonfun$iterator$2(Properties.scala:38)
	at minitest.api.TestSpec.apply(TestSpec.scala:27)
	at minitest.runner.Task.loop$1(Task.scala:56)
	at minitest.runner.Task.$anonfun$execute$1(Task.scala:63)
	at scala.concurrent.impl.Promise$Transformation.run(Promise.scala:433)
	at scala.concurrent.BatchingExecutor$AbstractBatch.runN(BatchingExecutor.scala:134)
	at scala.concurrent.BatchingExecutor$AsyncBatch.apply(BatchingExecutor.scala:163)
	at scala.concurrent.BatchingExecutor$AsyncBatch.apply(BatchingExecutor.scala:146)
	at scala.concurrent.BlockContext$.usingBlockContext(BlockContext.scala:107)
	at scala.concurrent.BatchingExecutor$AsyncBatch.run(BatchingExecutor.scala:154)
	at java.util.concurrent.ForkJoinTask$RunnableExecuteAction.exec(ForkJoinTask.java:1402)
	at java.util.concurrent.ForkJoinTask.doExec(ForkJoinTask.java:289)
	at java.util.concurrent.ForkJoinPool$WorkQueue.runTask(ForkJoinPool.java:1056)
	at java.util.concurrent.ForkJoinPool.runWorker(ForkJoinPool.java:1692)
	at java.util.concurrent.ForkJoinWorkerThread.run(ForkJoinWorkerThread.java:157)
</failure>
                                               </testcase>
                     <system-out><![CDATA[]]></system-out>
                     <system-err><![CDATA[]]></system-err>
                   </testsuite>